# JRE version: Java(TM) SE Runtime Environment (17.0.1+12) (build 17.0.1+12-LTS-39)
# Java VM: Java HotSpot(TM) 64-Bit Server VM (17.0.1+12-LTS-39, mixed mode, sharing, tiered, compressed oops, compressed class ptrs, g1 gc, windows-amd64)
GC Precious Log:
 CPUs: 8 total, 8 available
 Memory: 7918M
 Large Page Support: Disabled
 NUMA Support: Disabled
 Compressed Oops: Enabled (32-bit)
 Heap Region Size: 1M
 Heap Min Capacity: 8M
 Heap Initial Capacity: 124M
 Heap Max Capacity: 1980M
 Pre-touch: Disabled
 Parallel Workers: 8
 Concurrent Workers: 2
 Concurrent Refinement Workers: 8
 Periodic GC: Disabled
Heap:
 garbage-first heap   total 102400K, used 36880K [0x0000000084400000, 0x0000000100000000)
  region size 1024K, 7 young (7168K), 1 survivors (1024K)
 Metaspace       used 25234K, committed 25472K, reserved 1073152K
  class space    used 3261K, committed 3392K, reserved 1048576K
GC Heap History (12 events):
Event: 0.472 GC heap before
{Heap before GC invocations=0 (full 0):
 garbage-first heap   total 126976K, used 22528K [0x0000000084400000, 0x0000000100000000)
  region size 1024K, 23 young (23552K), 0 survivors (0K)
 Metaspace       used 5348K, committed 5568K, reserved 1056768K
  class space    used 614K, committed 704K, reserved 1048576K
}
Event: 0.474 GC heap after
{Heap after GC invocations=1 (full 0):
 garbage-first heap   total 126976K, used 4356K [0x0000000084400000, 0x0000000100000000)
  region size 1024K, 3 young (3072K), 3 survivors (3072K)
 Metaspace       used 5348K, committed 5568K, reserved 1056768K
  class space    used 614K, committed 704K, reserved 1048576K
}
Event: 1.790 GC heap before
{Heap before GC invocations=1 (full 0):
 garbage-first heap   total 126976K, used 49412K [0x0000000084400000, 0x0000000100000000)
  region size 1024K, 33 young (33792K), 3 survivors (3072K)
 Metaspace       used 13402K, committed 13632K, reserved 1064960K
  class space    used 1755K, committed 1856K, reserved 1048576K
}
Event: 1.795 GC heap after
{Heap after GC invocations=2 (full 0):
 garbage-first heap   total 126976K, used 25058K [0x0000000084400000, 0x0000000100000000)
  region size 1024K, 5 young (5120K), 5 survivors (5120K)
 Metaspace       used 13402K, committed 13632K, reserved 1064960K
  class space    used 1755K, committed 1856K, reserved 1048576K
}
Event: 2.250 GC heap before
{Heap before GC invocations=2 (full 0):
 garbage-first heap   total 126976K, used 39394K [0x0000000084400000, 0x0000000100000000)
  region size 1024K, 20 young (20480K), 5 survivors (5120K)
 Metaspace       used 21287K, committed 21504K, reserved 1073152K
  class space    used 2639K, committed 2752K, reserved 1048576K
}
Event: 2.255 GC heap after
{Heap after GC invocations=3 (full 0):
 garbage-first heap   total 126976K, used 28407K [0x0000000084400000, 0x0000000100000000)
  region size 1024K, 4 young (4096K), 4 survivors (4096K)
 Metaspace       used 21287K, committed 21504K, reserved 1073152K
  class space    used 2639K, committed 2752K, reserved 1048576K
}
Event: 18.394 GC heap before
{Heap before GC invocations=4 (full 0):
 garbage-first heap   total 102400K, used 88823K [0x0000000084400000, 0x0000000100000000)
  region size 1024K, 27 young (27648K), 4 survivors (4096K)
 Metaspace       used 24889K, committed 25152K, reserved 1073152K
  class space    used 3255K, committed 3392K, reserved 1048576K
}
Event: 18.398 GC heap after
{Heap after GC invocations=5 (full 0):
 garbage-first heap   total 102400K, used 61055K [0x0000000084400000, 0x0000000100000000)
  region size 1024K, 7 young (7168K), 7 survivors (7168K)
 Metaspace       used 24889K, committed 25152K, reserved 1073152K
  class space    used 3255K, committed 3392K, reserved 1048576K
}
Event: 26.678 GC heap before
{Heap before GC invocations=5 (full 0):
 garbage-first heap   total 102400K, used 64127K [0x0000000084400000, 0x0000000100000000)
  region size 1024K, 8 young (8192K), 7 survivors (7168K)
 Metaspace       used 24978K, committed 25216K, reserved 1073152K
  class space    used 3256K, committed 3392K, reserved 1048576K
}
Event: 26.682 GC heap after
{Heap after GC invocations=6 (full 0):
 garbage-first heap   total 102400K, used 55759K [0x0000000084400000, 0x0000000100000000)
  region size 1024K, 1 young (1024K), 1 survivors (1024K)
 Metaspace       used 24978K, committed 25216K, reserved 1073152K
  class space    used 3256K, committed 3392K, reserved 1048576K
}
Event: 29.118 GC heap before
{Heap before GC invocations=6 (full 0):
 garbage-first heap   total 102400K, used 56783K [0x0000000084400000, 0x0000000100000000)
  region size 1024K, 3 young (3072K), 1 survivors (1024K)
 Metaspace       used 25026K, committed 25344K, reserved 1073152K
  class space    used 3257K, committed 3392K, reserved 1048576K
}
Event: 29.120 GC heap after
{Heap after GC invocations=7 (full 0):
 garbage-first heap   total 102400K, used 55312K [0x0000000084400000, 0x0000000100000000)
  region size 1024K, 1 young (1024K), 1 survivors (1024K)
 Metaspace       used 25026K, committed 25344K, reserved 1073152K
  class space    used 3257K, committed 3392K, reserved 1048576K
}

